<?xml version="1.0" encoding="UTF-8"?>
<testsuite name="com.training.springcore.service.SiteServiceImplTest" tests="2" skipped="0" failures="0" errors="0" timestamp="2019-03-08T10:40:26" hostname="DESKTOP-TS8KKEA" time="0.703">
  <properties/>
  <testcase name="findById" classname="com.training.springcore.service.SiteServiceImplTest" time="0.702"/>
  <testcase name="findByIdShouldReturnNullWhenIdIsNull" classname="com.training.springcore.service.SiteServiceImplTest" time="0.001"/>
  <system-out><![CDATA[Init SiteServiceImpl :com.training.springcore.service.SiteServiceImpl@12069bb
Appel de findById :com.training.springcore.service.SiteServiceImpl@12069bb
Init SiteServiceImpl :com.training.springcore.service.SiteServiceImpl@6a1c196a
Appel de findById :com.training.springcore.service.SiteServiceImpl@6a1c196a
]]></system-out>
  <system-err><![CDATA[]]></system-err>
</testsuite>
