<?xml version="1.0" encoding="UTF-8"?>
<testsuite name="com.training.springcore.BigCorpApplicationTest" tests="1" skipped="0" failures="0" errors="0" timestamp="2019-03-07T11:14:04" hostname="DESKTOP-TS8KKEA" time="0.018">
  <properties/>
  <testcase name="run" classname="com.training.springcore.BigCorpApplicationTest" time="0.018"/>
  <system-out><![CDATA[Application startup
]]></system-out>
  <system-err><![CDATA[]]></system-err>
</testsuite>
